2023-02-26 21:41:38,637 CRIT Supervisor is running as root.  Privileges were not dropped because no user is specified in the config file.  If you intend to run as root, you can set user=root in the config file to avoid this message.
2023-02-26 21:41:38,638 INFO supervisord started with pid 1
2023-02-26 21:41:39,643 INFO spawned: 'beanstalkd' with pid 7
2023-02-26 21:41:39,645 INFO spawned: 'server' with pid 8
2023-02-26 21:41:39,647 INFO spawned: 'messenger-consume' with pid 9
2023-02-26 21:41:40,710 INFO success: beanstalkd entered RUNNING state, process has stayed up for > than 1 seconds (startsecs)
2023-02-26 21:41:40,711 INFO success: server entered RUNNING state, process has stayed up for > than 1 seconds (startsecs)
2023-02-26 21:41:40,711 INFO success: messenger-consume entered RUNNING state, process has stayed up for > than 1 seconds (startsecs)
2023-02-26 21:42:47,669 WARN received SIGTERM indicating exit request
2023-02-26 21:42:47,670 INFO waiting for beanstalkd, server, messenger-consume to die
2023-02-26 21:42:47,671 INFO stopped: server (terminated by SIGTERM)
2023-02-26 21:42:47,671 INFO stopped: messenger-consume (terminated by SIGTERM)
2023-02-26 21:42:47,672 INFO stopped: beanstalkd (terminated by SIGTERM)
2023-02-26 21:42:48,558 CRIT Supervisor is running as root.  Privileges were not dropped because no user is specified in the config file.  If you intend to run as root, you can set user=root in the config file to avoid this message.
2023-02-26 21:42:48,559 INFO supervisord started with pid 1
2023-02-26 21:42:49,563 INFO spawned: 'beanstalkd' with pid 7
2023-02-26 21:42:49,565 INFO spawned: 'server' with pid 8
2023-02-26 21:42:49,566 INFO spawned: 'messenger-consume' with pid 9
2023-02-26 21:42:50,630 INFO success: beanstalkd entered RUNNING state, process has stayed up for > than 1 seconds (startsecs)
2023-02-26 21:42:50,630 INFO success: server entered RUNNING state, process has stayed up for > than 1 seconds (startsecs)
2023-02-26 21:42:50,630 INFO success: messenger-consume entered RUNNING state, process has stayed up for > than 1 seconds (startsecs)
2023-02-26 22:42:52,308 INFO exited: messenger-consume (exit status 1; not expected)
2023-02-26 22:42:53,323 INFO spawned: 'messenger-consume' with pid 26
2023-02-26 22:42:54,409 INFO success: messenger-consume entered RUNNING state, process has stayed up for > than 1 seconds (startsecs)
2023-02-27 00:46:44,669 INFO exited: messenger-consume (exit status 1; not expected)
2023-02-27 00:46:45,672 INFO spawned: 'messenger-consume' with pid 29
2023-02-27 00:46:46,744 INFO success: messenger-consume entered RUNNING state, process has stayed up for > than 1 seconds (startsecs)
2023-02-27 09:21:05,505 INFO exited: messenger-consume (exit status 0; expected)
2023-02-27 09:21:06,510 INFO spawned: 'messenger-consume' with pid 32
2023-02-27 09:21:07,579 INFO success: messenger-consume entered RUNNING state, process has stayed up for > than 1 seconds (startsecs)
2023-02-27 10:21:09,235 INFO exited: messenger-consume (exit status 0; expected)
2023-02-27 10:21:10,238 INFO spawned: 'messenger-consume' with pid 35
2023-02-27 10:21:11,306 INFO success: messenger-consume entered RUNNING state, process has stayed up for > than 1 seconds (startsecs)
2023-02-27 11:21:12,577 INFO exited: messenger-consume (exit status 0; expected)
2023-02-27 11:21:13,582 INFO spawned: 'messenger-consume' with pid 53
2023-02-27 11:21:14,978 INFO success: messenger-consume entered RUNNING state, process has stayed up for > than 1 seconds (startsecs)
2023-02-27 12:21:16,631 INFO exited: messenger-consume (exit status 0; expected)
2023-02-27 12:21:17,635 INFO spawned: 'messenger-consume' with pid 109
2023-02-27 12:21:19,013 INFO success: messenger-consume entered RUNNING state, process has stayed up for > than 1 seconds (startsecs)
2023-02-27 13:21:20,695 INFO exited: messenger-consume (exit status 1; not expected)
2023-02-27 13:21:21,699 INFO spawned: 'messenger-consume' with pid 206
2023-02-27 13:21:22,766 INFO success: messenger-consume entered RUNNING state, process has stayed up for > than 1 seconds (startsecs)
2023-02-27 13:32:43,622 WARN received SIGTERM indicating exit request
2023-02-27 13:32:43,622 INFO waiting for beanstalkd, server, messenger-consume to die
2023-02-27 13:32:43,627 INFO stopped: messenger-consume (terminated by SIGTERM)
2023-02-27 13:32:43,628 INFO stopped: server (terminated by SIGTERM)
2023-02-27 13:32:43,628 INFO stopped: beanstalkd (terminated by SIGTERM)
2023-02-27 13:32:44,528 CRIT Supervisor is running as root.  Privileges were not dropped because no user is specified in the config file.  If you intend to run as root, you can set user=root in the config file to avoid this message.
2023-02-27 13:32:44,529 INFO supervisord started with pid 1
2023-02-27 13:32:45,532 INFO spawned: 'beanstalkd' with pid 7
2023-02-27 13:32:45,534 INFO spawned: 'server' with pid 8
2023-02-27 13:32:45,535 INFO spawned: 'messenger-consume' with pid 9
2023-02-27 13:32:46,603 INFO success: beanstalkd entered RUNNING state, process has stayed up for > than 1 seconds (startsecs)
2023-02-27 13:32:46,603 INFO success: server entered RUNNING state, process has stayed up for > than 1 seconds (startsecs)
2023-02-27 13:32:46,603 INFO success: messenger-consume entered RUNNING state, process has stayed up for > than 1 seconds (startsecs)
2023-02-27 13:37:10,613 WARN received SIGTERM indicating exit request
2023-02-27 13:37:10,614 INFO waiting for beanstalkd, server, messenger-consume to die
2023-02-27 13:37:10,620 INFO stopped: server (terminated by SIGTERM)
2023-02-27 13:37:10,620 INFO stopped: messenger-consume (terminated by SIGTERM)
2023-02-27 13:37:10,621 INFO stopped: beanstalkd (terminated by SIGTERM)
2023-02-27 13:37:11,733 CRIT Supervisor is running as root.  Privileges were not dropped because no user is specified in the config file.  If you intend to run as root, you can set user=root in the config file to avoid this message.
2023-02-27 13:37:11,734 INFO supervisord started with pid 1
2023-02-27 13:37:12,738 INFO spawned: 'beanstalkd' with pid 7
2023-02-27 13:37:12,740 INFO spawned: 'server' with pid 8
2023-02-27 13:37:12,741 INFO spawned: 'messenger-consume' with pid 9
2023-02-27 13:37:13,805 INFO success: beanstalkd entered RUNNING state, process has stayed up for > than 1 seconds (startsecs)
2023-02-27 13:37:13,805 INFO success: server entered RUNNING state, process has stayed up for > than 1 seconds (startsecs)
2023-02-27 13:37:13,805 INFO success: messenger-consume entered RUNNING state, process has stayed up for > than 1 seconds (startsecs)
2023-02-27 13:38:06,521 WARN received SIGTERM indicating exit request
2023-02-27 13:38:06,521 INFO waiting for beanstalkd, server, messenger-consume to die
2023-02-27 13:38:06,525 INFO stopped: messenger-consume (terminated by SIGTERM)
2023-02-27 13:38:06,525 INFO stopped: server (terminated by SIGTERM)
2023-02-27 13:38:06,526 INFO stopped: beanstalkd (terminated by SIGTERM)
2023-02-27 13:38:07,409 CRIT Supervisor is running as root.  Privileges were not dropped because no user is specified in the config file.  If you intend to run as root, you can set user=root in the config file to avoid this message.
2023-02-27 13:38:07,410 INFO supervisord started with pid 1
2023-02-27 13:38:08,413 INFO spawned: 'beanstalkd' with pid 7
2023-02-27 13:38:08,416 INFO spawned: 'server' with pid 8
2023-02-27 13:38:08,417 INFO spawned: 'messenger-consume' with pid 9
2023-02-27 13:38:09,480 INFO success: beanstalkd entered RUNNING state, process has stayed up for > than 1 seconds (startsecs)
2023-02-27 13:38:09,480 INFO success: server entered RUNNING state, process has stayed up for > than 1 seconds (startsecs)
2023-02-27 13:38:09,480 INFO success: messenger-consume entered RUNNING state, process has stayed up for > than 1 seconds (startsecs)
2023-02-27 13:43:38,894 WARN received SIGTERM indicating exit request
2023-02-27 13:43:38,895 INFO waiting for beanstalkd, server, messenger-consume to die
2023-02-27 13:43:38,897 INFO stopped: server (terminated by SIGTERM)
2023-02-27 13:43:38,898 INFO stopped: messenger-consume (terminated by SIGTERM)
2023-02-27 13:43:38,899 INFO stopped: beanstalkd (terminated by SIGTERM)
2023-02-27 13:43:39,830 CRIT Supervisor is running as root.  Privileges were not dropped because no user is specified in the config file.  If you intend to run as root, you can set user=root in the config file to avoid this message.
2023-02-27 13:43:39,830 INFO supervisord started with pid 1
2023-02-27 13:43:40,833 INFO spawned: 'beanstalkd' with pid 7
2023-02-27 13:43:40,834 INFO spawned: 'server' with pid 8
2023-02-27 13:43:40,834 INFO spawned: 'messenger-consume' with pid 9
2023-02-27 13:43:41,913 INFO success: beanstalkd entered RUNNING state, process has stayed up for > than 1 seconds (startsecs)
2023-02-27 13:43:41,913 INFO success: server entered RUNNING state, process has stayed up for > than 1 seconds (startsecs)
2023-02-27 13:43:41,913 INFO success: messenger-consume entered RUNNING state, process has stayed up for > than 1 seconds (startsecs)
2023-02-27 13:48:07,910 WARN received SIGTERM indicating exit request
2023-02-27 13:48:07,910 INFO waiting for beanstalkd, server, messenger-consume to die
2023-02-27 13:48:07,915 INFO stopped: messenger-consume (terminated by SIGTERM)
2023-02-27 13:48:07,917 INFO stopped: server (terminated by SIGTERM)
2023-02-27 13:48:07,917 INFO stopped: beanstalkd (terminated by SIGTERM)
2023-02-27 13:48:08,778 CRIT Supervisor is running as root.  Privileges were not dropped because no user is specified in the config file.  If you intend to run as root, you can set user=root in the config file to avoid this message.
2023-02-27 13:48:08,779 INFO supervisord started with pid 1
2023-02-27 13:48:09,782 INFO spawned: 'beanstalkd' with pid 7
2023-02-27 13:48:09,785 INFO spawned: 'server' with pid 8
2023-02-27 13:48:09,786 INFO spawned: 'messenger-consume' with pid 9
2023-02-27 13:48:10,867 INFO success: beanstalkd entered RUNNING state, process has stayed up for > than 1 seconds (startsecs)
2023-02-27 13:48:10,867 INFO success: server entered RUNNING state, process has stayed up for > than 1 seconds (startsecs)
2023-02-27 13:48:10,867 INFO success: messenger-consume entered RUNNING state, process has stayed up for > than 1 seconds (startsecs)
2023-02-27 13:49:30,968 WARN received SIGTERM indicating exit request
2023-02-27 13:49:30,968 INFO waiting for beanstalkd, server, messenger-consume to die
2023-02-27 13:49:30,968 INFO stopped: server (terminated by SIGTERM)
2023-02-27 13:49:30,970 INFO stopped: messenger-consume (terminated by SIGTERM)
2023-02-27 13:49:30,970 INFO stopped: beanstalkd (terminated by SIGTERM)
2023-02-27 13:49:31,843 CRIT Supervisor is running as root.  Privileges were not dropped because no user is specified in the config file.  If you intend to run as root, you can set user=root in the config file to avoid this message.
2023-02-27 13:49:31,844 INFO supervisord started with pid 1
2023-02-27 13:49:32,847 INFO spawned: 'beanstalkd' with pid 7
2023-02-27 13:49:32,849 INFO spawned: 'server' with pid 8
2023-02-27 13:49:32,851 INFO spawned: 'messenger-consume' with pid 9
2023-02-27 13:49:33,931 INFO success: beanstalkd entered RUNNING state, process has stayed up for > than 1 seconds (startsecs)
2023-02-27 13:49:33,931 INFO success: server entered RUNNING state, process has stayed up for > than 1 seconds (startsecs)
2023-02-27 13:49:33,931 INFO success: messenger-consume entered RUNNING state, process has stayed up for > than 1 seconds (startsecs)
2023-02-27 14:49:34,625 INFO exited: messenger-consume (exit status 1; not expected)
2023-02-27 14:49:35,628 INFO spawned: 'messenger-consume' with pid 77
2023-02-27 14:49:36,718 INFO success: messenger-consume entered RUNNING state, process has stayed up for > than 1 seconds (startsecs)
2023-02-27 15:49:37,305 INFO exited: messenger-consume (exit status 0; expected)
2023-02-27 15:49:38,310 INFO spawned: 'messenger-consume' with pid 80
2023-02-27 15:49:39,411 INFO success: messenger-consume entered RUNNING state, process has stayed up for > than 1 seconds (startsecs)
2023-02-27 16:49:40,013 INFO exited: messenger-consume (exit status 0; expected)
2023-02-27 16:49:41,016 INFO spawned: 'messenger-consume' with pid 83
2023-02-27 16:49:42,112 INFO success: messenger-consume entered RUNNING state, process has stayed up for > than 1 seconds (startsecs)
2023-02-27 17:49:42,770 INFO exited: messenger-consume (exit status 0; expected)
2023-02-27 17:49:43,775 INFO spawned: 'messenger-consume' with pid 86
2023-02-27 17:49:44,857 INFO success: messenger-consume entered RUNNING state, process has stayed up for > than 1 seconds (startsecs)
2023-02-27 18:49:45,439 INFO exited: messenger-consume (exit status 0; expected)
2023-02-27 18:49:46,442 INFO spawned: 'messenger-consume' with pid 89
2023-02-27 18:49:47,543 INFO success: messenger-consume entered RUNNING state, process has stayed up for > than 1 seconds (startsecs)
2023-02-27 19:34:43,898 WARN received SIGTERM indicating exit request
2023-02-27 19:34:43,898 INFO waiting for beanstalkd, server, messenger-consume to die
2023-02-27 19:34:43,902 INFO stopped: server (terminated by SIGTERM)
2023-02-27 19:34:43,903 INFO stopped: messenger-consume (terminated by SIGTERM)
2023-02-27 19:34:43,903 INFO stopped: beanstalkd (terminated by SIGTERM)
2023-02-27 19:34:44,816 CRIT Supervisor is running as root.  Privileges were not dropped because no user is specified in the config file.  If you intend to run as root, you can set user=root in the config file to avoid this message.
2023-02-27 19:34:44,817 INFO supervisord started with pid 1
2023-02-27 19:34:45,821 INFO spawned: 'beanstalkd' with pid 7
2023-02-27 19:34:45,823 INFO spawned: 'cron' with pid 8
2023-02-27 19:34:45,825 INFO spawned: 'server' with pid 9
2023-02-27 19:34:45,826 INFO spawned: 'messenger-consume' with pid 10
2023-02-27 19:34:46,906 INFO success: beanstalkd entered RUNNING state, process has stayed up for > than 1 seconds (startsecs)
2023-02-27 19:34:46,906 INFO success: cron entered RUNNING state, process has stayed up for > than 1 seconds (startsecs)
2023-02-27 19:34:46,906 INFO success: server entered RUNNING state, process has stayed up for > than 1 seconds (startsecs)
2023-02-27 19:34:46,906 INFO success: messenger-consume entered RUNNING state, process has stayed up for > than 1 seconds (startsecs)
2023-02-27 20:34:47,647 INFO exited: messenger-consume (exit status 1; not expected)
2023-02-27 20:34:48,652 INFO spawned: 'messenger-consume' with pid 85
2023-02-27 20:34:49,743 INFO success: messenger-consume entered RUNNING state, process has stayed up for > than 1 seconds (startsecs)
2023-02-27 21:01:19,361 WARN received SIGTERM indicating exit request
2023-02-27 21:01:19,362 INFO waiting for beanstalkd, cron, server, messenger-consume to die
2023-02-27 21:01:19,367 INFO stopped: messenger-consume (terminated by SIGTERM)
2023-02-27 21:01:19,368 INFO stopped: server (terminated by SIGTERM)
2023-02-27 21:01:19,369 INFO stopped: cron (terminated by SIGTERM)
2023-02-27 21:01:19,370 INFO stopped: beanstalkd (terminated by SIGTERM)
2023-02-27 21:01:20,238 CRIT Supervisor is running as root.  Privileges were not dropped because no user is specified in the config file.  If you intend to run as root, you can set user=root in the config file to avoid this message.
2023-02-27 21:01:20,239 INFO supervisord started with pid 1
2023-02-27 21:01:21,243 INFO spawned: 'beanstalkd' with pid 7
2023-02-27 21:01:21,246 INFO spawned: 'cron' with pid 8
2023-02-27 21:01:21,248 INFO spawned: 'server' with pid 9
2023-02-27 21:01:21,250 INFO spawned: 'messenger-consume' with pid 10
2023-02-27 21:01:22,337 INFO success: beanstalkd entered RUNNING state, process has stayed up for > than 1 seconds (startsecs)
2023-02-27 21:01:22,337 INFO success: cron entered RUNNING state, process has stayed up for > than 1 seconds (startsecs)
2023-02-27 21:01:22,337 INFO success: server entered RUNNING state, process has stayed up for > than 1 seconds (startsecs)
2023-02-27 21:01:22,337 INFO success: messenger-consume entered RUNNING state, process has stayed up for > than 1 seconds (startsecs)
2023-02-27 23:47:02,623 INFO exited: messenger-consume (exit status 0; expected)
2023-02-27 23:47:03,626 INFO spawned: 'messenger-consume' with pid 21
2023-02-27 23:47:04,712 INFO success: messenger-consume entered RUNNING state, process has stayed up for > than 1 seconds (startsecs)
2023-02-28 11:00:37,629 INFO exited: messenger-consume (exit status 0; expected)
2023-02-28 11:00:38,631 INFO spawned: 'messenger-consume' with pid 28
2023-02-28 11:00:39,726 INFO success: messenger-consume entered RUNNING state, process has stayed up for > than 1 seconds (startsecs)
2023-02-28 12:00:40,154 INFO exited: messenger-consume (exit status 0; expected)
2023-02-28 12:00:41,158 INFO spawned: 'messenger-consume' with pid 36
2023-02-28 12:00:42,247 INFO success: messenger-consume entered RUNNING state, process has stayed up for > than 1 seconds (startsecs)
2023-02-28 13:00:43,002 INFO exited: messenger-consume (exit status 0; expected)
2023-02-28 13:00:44,006 INFO spawned: 'messenger-consume' with pid 44
2023-02-28 13:00:45,089 INFO success: messenger-consume entered RUNNING state, process has stayed up for > than 1 seconds (startsecs)
2023-02-28 14:00:45,830 INFO exited: messenger-consume (exit status 0; expected)
2023-02-28 14:00:46,834 INFO spawned: 'messenger-consume' with pid 52
2023-02-28 14:00:47,944 INFO success: messenger-consume entered RUNNING state, process has stayed up for > than 1 seconds (startsecs)
2023-02-28 15:00:48,590 INFO exited: messenger-consume (exit status 0; expected)
2023-02-28 15:00:49,592 INFO spawned: 'messenger-consume' with pid 60
2023-02-28 15:00:50,699 INFO success: messenger-consume entered RUNNING state, process has stayed up for > than 1 seconds (startsecs)
2023-02-28 16:00:51,314 INFO exited: messenger-consume (exit status 0; expected)
2023-02-28 16:00:52,318 INFO spawned: 'messenger-consume' with pid 68
2023-02-28 16:00:53,426 INFO success: messenger-consume entered RUNNING state, process has stayed up for > than 1 seconds (startsecs)
2023-02-28 17:00:54,022 INFO exited: messenger-consume (exit status 0; expected)
2023-02-28 17:00:55,025 INFO spawned: 'messenger-consume' with pid 76
2023-02-28 17:00:56,108 INFO success: messenger-consume entered RUNNING state, process has stayed up for > than 1 seconds (startsecs)
2023-02-28 18:00:56,923 INFO exited: messenger-consume (exit status 0; expected)
2023-02-28 18:00:57,925 INFO spawned: 'messenger-consume' with pid 84
2023-02-28 18:00:59,008 INFO success: messenger-consume entered RUNNING state, process has stayed up for > than 1 seconds (startsecs)
2023-02-28 19:00:59,823 INFO exited: messenger-consume (exit status 0; expected)
2023-02-28 19:01:00,827 INFO spawned: 'messenger-consume' with pid 92
2023-02-28 19:01:01,910 INFO success: messenger-consume entered RUNNING state, process has stayed up for > than 1 seconds (startsecs)
2023-02-28 20:01:02,733 INFO exited: messenger-consume (exit status 0; expected)
2023-02-28 20:01:03,737 INFO spawned: 'messenger-consume' with pid 100
2023-02-28 20:01:04,819 INFO success: messenger-consume entered RUNNING state, process has stayed up for > than 1 seconds (startsecs)
2023-02-28 21:01:05,662 INFO exited: messenger-consume (exit status 0; expected)
2023-02-28 21:01:06,666 INFO spawned: 'messenger-consume' with pid 108
2023-02-28 21:01:07,749 INFO success: messenger-consume entered RUNNING state, process has stayed up for > than 1 seconds (startsecs)
2023-02-28 22:01:08,463 INFO exited: messenger-consume (exit status 0; expected)
2023-02-28 22:01:09,467 INFO spawned: 'messenger-consume' with pid 116
2023-02-28 22:01:10,564 INFO success: messenger-consume entered RUNNING state, process has stayed up for > than 1 seconds (startsecs)
2023-02-28 23:13:12,661 INFO exited: messenger-consume (exit status 0; expected)
2023-02-28 23:13:13,664 INFO spawned: 'messenger-consume' with pid 119
2023-02-28 23:13:14,749 INFO success: messenger-consume entered RUNNING state, process has stayed up for > than 1 seconds (startsecs)
2023-03-01 01:14:27,659 INFO exited: messenger-consume (exit status 0; expected)
2023-03-01 01:14:28,663 INFO spawned: 'messenger-consume' with pid 124
2023-03-01 01:14:29,748 INFO success: messenger-consume entered RUNNING state, process has stayed up for > than 1 seconds (startsecs)
2023-03-01 02:14:30,440 INFO exited: messenger-consume (exit status 0; expected)
2023-03-01 02:14:31,443 INFO spawned: 'messenger-consume' with pid 133
2023-03-01 02:14:32,534 INFO success: messenger-consume entered RUNNING state, process has stayed up for > than 1 seconds (startsecs)
2023-03-01 09:28:18,471 INFO exited: messenger-consume (exit status 0; expected)
2023-03-01 09:28:19,478 INFO spawned: 'messenger-consume' with pid 141
2023-03-01 09:28:20,561 INFO success: messenger-consume entered RUNNING state, process has stayed up for > than 1 seconds (startsecs)
2023-03-01 13:59:12,606 INFO exited: messenger-consume (exit status 0; expected)
2023-03-01 13:59:13,611 INFO spawned: 'messenger-consume' with pid 148
2023-03-01 13:59:14,697 INFO success: messenger-consume entered RUNNING state, process has stayed up for > than 1 seconds (startsecs)
2023-03-01 14:59:14,957 INFO exited: messenger-consume (exit status 0; expected)
2023-03-01 14:59:15,961 INFO spawned: 'messenger-consume' with pid 154
2023-03-01 14:59:17,058 INFO success: messenger-consume entered RUNNING state, process has stayed up for > than 1 seconds (startsecs)
2023-03-01 15:59:17,764 INFO exited: messenger-consume (exit status 0; expected)
2023-03-01 15:59:18,770 INFO spawned: 'messenger-consume' with pid 162
2023-03-01 15:59:19,852 INFO success: messenger-consume entered RUNNING state, process has stayed up for > than 1 seconds (startsecs)
2023-03-01 16:59:20,783 INFO exited: messenger-consume (exit status 0; expected)
2023-03-01 16:59:21,787 INFO spawned: 'messenger-consume' with pid 170
2023-03-01 16:59:22,870 INFO success: messenger-consume entered RUNNING state, process has stayed up for > than 1 seconds (startsecs)
2023-03-01 17:59:23,801 INFO exited: messenger-consume (exit status 0; expected)
2023-03-01 17:59:24,805 INFO spawned: 'messenger-consume' with pid 178
2023-03-01 17:59:25,887 INFO success: messenger-consume entered RUNNING state, process has stayed up for > than 1 seconds (startsecs)
2023-03-01 18:59:26,782 INFO exited: messenger-consume (exit status 0; expected)
2023-03-01 18:59:27,785 INFO spawned: 'messenger-consume' with pid 186
2023-03-01 18:59:28,886 INFO success: messenger-consume entered RUNNING state, process has stayed up for > than 1 seconds (startsecs)
2023-03-01 19:59:29,506 INFO exited: messenger-consume (exit status 0; expected)
2023-03-01 19:59:30,510 INFO spawned: 'messenger-consume' with pid 194
2023-03-01 19:59:31,609 INFO success: messenger-consume entered RUNNING state, process has stayed up for > than 1 seconds (startsecs)
2023-03-01 20:59:32,240 INFO exited: messenger-consume (exit status 0; expected)
2023-03-01 20:59:33,244 INFO spawned: 'messenger-consume' with pid 202
2023-03-01 20:59:34,335 INFO success: messenger-consume entered RUNNING state, process has stayed up for > than 1 seconds (startsecs)
2023-03-01 21:59:35,106 INFO exited: messenger-consume (exit status 1; not expected)
2023-03-01 21:59:36,109 INFO spawned: 'messenger-consume' with pid 350
2023-03-01 21:59:37,193 INFO success: messenger-consume entered RUNNING state, process has stayed up for > than 1 seconds (startsecs)
2023-03-01 22:47:16,768 CRIT Supervisor is running as root.  Privileges were not dropped because no user is specified in the config file.  If you intend to run as root, you can set user=root in the config file to avoid this message.
2023-03-01 22:47:16,769 INFO supervisord started with pid 1
2023-03-01 22:47:17,771 INFO spawned: 'beanstalkd' with pid 6
2023-03-01 22:47:17,772 INFO spawned: 'cron' with pid 7
2023-03-01 22:47:17,773 INFO spawned: 'server' with pid 8
2023-03-01 22:47:17,774 INFO spawned: 'messenger-consume' with pid 9
2023-03-01 22:47:18,866 INFO success: beanstalkd entered RUNNING state, process has stayed up for > than 1 seconds (startsecs)
2023-03-01 22:47:18,866 INFO success: cron entered RUNNING state, process has stayed up for > than 1 seconds (startsecs)
2023-03-01 22:47:18,866 INFO success: server entered RUNNING state, process has stayed up for > than 1 seconds (startsecs)
2023-03-01 22:47:18,866 INFO success: messenger-consume entered RUNNING state, process has stayed up for > than 1 seconds (startsecs)
2023-03-01 22:47:27,974 CRIT Supervisor is running as root.  Privileges were not dropped because no user is specified in the config file.  If you intend to run as root, you can set user=root in the config file to avoid this message.
2023-03-01 22:47:27,975 INFO supervisord started with pid 1
2023-03-01 22:47:28,978 INFO spawned: 'beanstalkd' with pid 7
2023-03-01 22:47:28,980 INFO spawned: 'cron' with pid 8
2023-03-01 22:47:28,982 INFO spawned: 'server' with pid 9
2023-03-01 22:47:28,983 INFO spawned: 'messenger-consume' with pid 10
2023-03-01 22:47:30,069 INFO success: beanstalkd entered RUNNING state, process has stayed up for > than 1 seconds (startsecs)
2023-03-01 22:47:30,069 INFO success: cron entered RUNNING state, process has stayed up for > than 1 seconds (startsecs)
2023-03-01 22:47:30,069 INFO success: server entered RUNNING state, process has stayed up for > than 1 seconds (startsecs)
2023-03-01 22:47:30,069 INFO success: messenger-consume entered RUNNING state, process has stayed up for > than 1 seconds (startsecs)
2023-03-02 00:21:29,668 INFO exited: messenger-consume (exit status 0; expected)
2023-03-02 00:21:30,674 INFO spawned: 'messenger-consume' with pid 9447
2023-03-02 00:21:31,760 INFO success: messenger-consume entered RUNNING state, process has stayed up for > than 1 seconds (startsecs)
2023-03-02 01:21:32,393 INFO exited: messenger-consume (exit status 0; expected)
2023-03-02 01:21:33,396 INFO spawned: 'messenger-consume' with pid 9455
2023-03-02 01:21:34,506 INFO success: messenger-consume entered RUNNING state, process has stayed up for > than 1 seconds (startsecs)
2023-03-02 08:48:40,486 INFO exited: messenger-consume (exit status 0; expected)
2023-03-02 08:48:41,488 INFO spawned: 'messenger-consume' with pid 9463
2023-03-02 08:48:42,573 INFO success: messenger-consume entered RUNNING state, process has stayed up for > than 1 seconds (startsecs)
2023-03-02 08:48:56,590 WARN received SIGTERM indicating exit request
2023-03-02 08:48:56,590 INFO waiting for beanstalkd, cron, server, messenger-consume to die
2023-03-02 08:48:56,592 INFO stopped: messenger-consume (terminated by SIGTERM)
2023-03-02 08:48:56,594 INFO stopped: server (terminated by SIGTERM)
2023-03-02 08:48:56,595 INFO stopped: cron (terminated by SIGTERM)
2023-03-02 08:48:56,595 INFO stopped: beanstalkd (terminated by SIGTERM)
2023-03-02 13:29:53,571 CRIT Supervisor is running as root.  Privileges were not dropped because no user is specified in the config file.  If you intend to run as root, you can set user=root in the config file to avoid this message.
2023-03-02 13:29:53,575 INFO supervisord started with pid 1
2023-03-02 13:29:54,580 INFO spawned: 'beanstalkd' with pid 7
2023-03-02 13:29:54,581 INFO spawned: 'cron' with pid 8
2023-03-02 13:29:54,593 INFO spawned: 'server' with pid 9
2023-03-02 13:29:54,595 INFO spawned: 'messenger-consume' with pid 10
2023-03-02 13:29:55,814 INFO success: beanstalkd entered RUNNING state, process has stayed up for > than 1 seconds (startsecs)
2023-03-02 13:29:55,814 INFO success: cron entered RUNNING state, process has stayed up for > than 1 seconds (startsecs)
2023-03-02 13:29:55,814 INFO success: server entered RUNNING state, process has stayed up for > than 1 seconds (startsecs)
2023-03-02 13:29:55,814 INFO success: messenger-consume entered RUNNING state, process has stayed up for > than 1 seconds (startsecs)
2023-03-02 14:29:56,227 INFO exited: messenger-consume (exit status 0; expected)
2023-03-02 14:29:57,230 INFO spawned: 'messenger-consume' with pid 38
2023-03-02 14:29:58,314 INFO success: messenger-consume entered RUNNING state, process has stayed up for > than 1 seconds (startsecs)
2023-03-02 14:33:36,602 WARN received SIGTERM indicating exit request
2023-03-02 14:33:36,603 INFO waiting for beanstalkd, cron, server, messenger-consume to die
2023-03-02 14:33:36,605 INFO stopped: messenger-consume (terminated by SIGTERM)
2023-03-02 14:33:36,606 INFO stopped: server (terminated by SIGTERM)
2023-03-02 14:33:36,606 INFO stopped: cron (terminated by SIGTERM)
2023-03-02 14:33:36,606 INFO stopped: beanstalkd (terminated by SIGTERM)
2023-03-02 14:33:37,691 CRIT Supervisor is running as root.  Privileges were not dropped because no user is specified in the config file.  If you intend to run as root, you can set user=root in the config file to avoid this message.
2023-03-02 14:33:37,692 INFO supervisord started with pid 1
2023-03-02 14:33:38,695 INFO spawned: 'beanstalkd' with pid 7
2023-03-02 14:33:38,697 INFO spawned: 'cron' with pid 8
2023-03-02 14:33:38,699 INFO spawned: 'server' with pid 9
2023-03-02 14:33:38,700 INFO spawned: 'messenger-consume' with pid 10
2023-03-02 14:33:39,781 INFO success: beanstalkd entered RUNNING state, process has stayed up for > than 1 seconds (startsecs)
2023-03-02 14:33:39,781 INFO success: cron entered RUNNING state, process has stayed up for > than 1 seconds (startsecs)
2023-03-02 14:33:39,781 INFO success: server entered RUNNING state, process has stayed up for > than 1 seconds (startsecs)
2023-03-02 14:33:39,781 INFO success: messenger-consume entered RUNNING state, process has stayed up for > than 1 seconds (startsecs)
2023-03-02 15:33:40,598 INFO exited: messenger-consume (exit status 0; expected)
2023-03-02 15:33:41,601 INFO spawned: 'messenger-consume' with pid 18
2023-03-02 15:33:42,685 INFO success: messenger-consume entered RUNNING state, process has stayed up for > than 1 seconds (startsecs)
2023-03-02 16:33:43,587 INFO exited: messenger-consume (exit status 0; expected)
2023-03-02 16:33:44,591 INFO spawned: 'messenger-consume' with pid 26
2023-03-02 16:33:45,678 INFO success: messenger-consume entered RUNNING state, process has stayed up for > than 1 seconds (startsecs)
2023-03-02 17:33:46,386 INFO exited: messenger-consume (exit status 0; expected)
2023-03-02 17:33:47,391 INFO spawned: 'messenger-consume' with pid 34
2023-03-02 17:33:48,476 INFO success: messenger-consume entered RUNNING state, process has stayed up for > than 1 seconds (startsecs)
2023-03-02 18:33:49,163 INFO exited: messenger-consume (exit status 0; expected)
2023-03-02 18:33:50,167 INFO spawned: 'messenger-consume' with pid 42
2023-03-02 18:33:51,250 INFO success: messenger-consume entered RUNNING state, process has stayed up for > than 1 seconds (startsecs)
2023-03-02 19:33:52,114 INFO exited: messenger-consume (exit status 0; expected)
2023-03-02 19:33:53,118 INFO spawned: 'messenger-consume' with pid 50
2023-03-02 19:33:54,201 INFO success: messenger-consume entered RUNNING state, process has stayed up for > than 1 seconds (startsecs)
2023-03-02 20:33:54,971 INFO exited: messenger-consume (exit status 0; expected)
2023-03-02 20:33:55,976 INFO spawned: 'messenger-consume' with pid 58
2023-03-02 20:33:57,074 INFO success: messenger-consume entered RUNNING state, process has stayed up for > than 1 seconds (startsecs)
2023-03-02 21:33:57,694 INFO exited: messenger-consume (exit status 0; expected)
2023-03-02 21:33:58,698 INFO spawned: 'messenger-consume' with pid 66
2023-03-02 21:33:59,782 INFO success: messenger-consume entered RUNNING state, process has stayed up for > than 1 seconds (startsecs)
2023-03-02 22:34:00,488 INFO exited: messenger-consume (exit status 0; expected)
2023-03-02 22:34:01,492 INFO spawned: 'messenger-consume' with pid 74
2023-03-02 22:34:02,579 INFO success: messenger-consume entered RUNNING state, process has stayed up for > than 1 seconds (startsecs)
2023-03-02 23:34:03,269 INFO exited: messenger-consume (exit status 0; expected)
2023-03-02 23:34:04,273 INFO spawned: 'messenger-consume' with pid 82
2023-03-02 23:34:05,374 INFO success: messenger-consume entered RUNNING state, process has stayed up for > than 1 seconds (startsecs)
2023-03-03 13:07:50,546 INFO exited: messenger-consume (exit status 0; expected)
2023-03-03 13:07:51,551 INFO spawned: 'messenger-consume' with pid 86
2023-03-03 13:07:52,636 INFO success: messenger-consume entered RUNNING state, process has stayed up for > than 1 seconds (startsecs)
2023-03-03 17:43:06,536 INFO exited: messenger-consume (exit status 0; expected)
2023-03-03 17:43:07,540 INFO spawned: 'messenger-consume' with pid 92
2023-03-03 17:43:08,643 INFO success: messenger-consume entered RUNNING state, process has stayed up for > than 1 seconds (startsecs)
2023-03-03 18:43:09,335 INFO exited: messenger-consume (exit status 0; expected)
2023-03-03 18:43:10,339 INFO spawned: 'messenger-consume' with pid 100
2023-03-03 18:43:11,422 INFO success: messenger-consume entered RUNNING state, process has stayed up for > than 1 seconds (startsecs)
2023-03-03 19:43:12,329 INFO exited: messenger-consume (exit status 0; expected)
2023-03-03 19:43:13,332 INFO spawned: 'messenger-consume' with pid 108
2023-03-03 19:43:14,416 INFO success: messenger-consume entered RUNNING state, process has stayed up for > than 1 seconds (startsecs)
2023-03-03 20:43:15,222 INFO exited: messenger-consume (exit status 0; expected)
2023-03-03 20:43:16,224 INFO spawned: 'messenger-consume' with pid 116
2023-03-03 20:43:17,323 INFO success: messenger-consume entered RUNNING state, process has stayed up for > than 1 seconds (startsecs)
2023-03-03 21:43:17,932 INFO exited: messenger-consume (exit status 0; expected)
2023-03-03 21:43:18,935 INFO spawned: 'messenger-consume' with pid 124
2023-03-03 21:43:20,148 INFO success: messenger-consume entered RUNNING state, process has stayed up for > than 1 seconds (startsecs)
2023-03-03 22:43:20,847 INFO exited: messenger-consume (exit status 0; expected)
2023-03-03 22:43:21,852 INFO spawned: 'messenger-consume' with pid 132
2023-03-03 22:43:22,956 INFO success: messenger-consume entered RUNNING state, process has stayed up for > than 1 seconds (startsecs)
2023-03-03 23:43:23,657 INFO exited: messenger-consume (exit status 0; expected)
2023-03-03 23:43:24,660 INFO spawned: 'messenger-consume' with pid 140
2023-03-03 23:43:25,758 INFO success: messenger-consume entered RUNNING state, process has stayed up for > than 1 seconds (startsecs)
2023-03-04 15:52:03,555 INFO exited: messenger-consume (exit status 0; expected)
2023-03-04 15:52:04,560 INFO spawned: 'messenger-consume' with pid 148
2023-03-04 15:52:05,657 INFO success: messenger-consume entered RUNNING state, process has stayed up for > than 1 seconds (startsecs)
2023-03-04 20:49:55,668 INFO exited: messenger-consume (exit status 0; expected)
2023-03-04 20:49:56,674 INFO spawned: 'messenger-consume' with pid 156
2023-03-04 20:49:57,758 INFO success: messenger-consume entered RUNNING state, process has stayed up for > than 1 seconds (startsecs)
2023-03-04 21:49:57,987 INFO exited: messenger-consume (exit status 0; expected)
2023-03-04 21:49:58,989 INFO spawned: 'messenger-consume' with pid 164
2023-03-04 21:50:00,088 INFO success: messenger-consume entered RUNNING state, process has stayed up for > than 1 seconds (startsecs)
2023-03-04 22:50:00,654 INFO exited: messenger-consume (exit status 0; expected)
2023-03-04 22:50:01,659 INFO spawned: 'messenger-consume' with pid 172
2023-03-04 22:50:02,897 INFO success: messenger-consume entered RUNNING state, process has stayed up for > than 1 seconds (startsecs)
2023-03-04 23:50:03,517 INFO exited: messenger-consume (exit status 0; expected)
2023-03-04 23:50:04,521 INFO spawned: 'messenger-consume' with pid 180
2023-03-04 23:50:05,618 INFO success: messenger-consume entered RUNNING state, process has stayed up for > than 1 seconds (startsecs)
2023-03-05 11:12:50,670 INFO exited: messenger-consume (exit status 0; expected)
2023-03-05 11:12:51,672 INFO spawned: 'messenger-consume' with pid 183
2023-03-05 11:12:52,754 INFO success: messenger-consume entered RUNNING state, process has stayed up for > than 1 seconds (startsecs)
2023-03-05 12:12:53,196 INFO exited: messenger-consume (exit status 0; expected)
2023-03-05 12:12:54,201 INFO spawned: 'messenger-consume' with pid 191
2023-03-05 12:12:55,285 INFO success: messenger-consume entered RUNNING state, process has stayed up for > than 1 seconds (startsecs)
2023-03-05 13:12:56,249 INFO exited: messenger-consume (exit status 0; expected)
2023-03-05 13:12:57,252 INFO spawned: 'messenger-consume' with pid 199
2023-03-05 13:12:58,336 INFO success: messenger-consume entered RUNNING state, process has stayed up for > than 1 seconds (startsecs)
2023-03-05 14:12:59,189 INFO exited: messenger-consume (exit status 0; expected)
2023-03-05 14:13:00,192 INFO spawned: 'messenger-consume' with pid 207
2023-03-05 14:13:01,278 INFO success: messenger-consume entered RUNNING state, process has stayed up for > than 1 seconds (startsecs)
2023-03-05 17:50:57,565 INFO exited: messenger-consume (exit status 0; expected)
2023-03-05 17:50:58,569 INFO spawned: 'messenger-consume' with pid 212
2023-03-05 17:50:59,654 INFO success: messenger-consume entered RUNNING state, process has stayed up for > than 1 seconds (startsecs)
2023-03-05 18:51:00,542 INFO exited: messenger-consume (exit status 0; expected)
2023-03-05 18:51:01,545 INFO spawned: 'messenger-consume' with pid 220
2023-03-05 18:51:02,629 INFO success: messenger-consume entered RUNNING state, process has stayed up for > than 1 seconds (startsecs)
2023-03-05 19:51:03,542 INFO exited: messenger-consume (exit status 0; expected)
2023-03-05 19:51:04,547 INFO spawned: 'messenger-consume' with pid 228
2023-03-05 19:51:05,649 INFO success: messenger-consume entered RUNNING state, process has stayed up for > than 1 seconds (startsecs)
2023-03-05 20:51:06,574 INFO exited: messenger-consume (exit status 0; expected)
2023-03-05 20:51:07,578 INFO spawned: 'messenger-consume' with pid 236
2023-03-05 20:51:08,662 INFO success: messenger-consume entered RUNNING state, process has stayed up for > than 1 seconds (startsecs)
2023-03-05 21:51:09,515 INFO exited: messenger-consume (exit status 0; expected)
2023-03-05 21:51:10,519 INFO spawned: 'messenger-consume' with pid 244
2023-03-05 21:51:11,604 INFO success: messenger-consume entered RUNNING state, process has stayed up for > than 1 seconds (startsecs)
2023-03-05 22:51:12,507 INFO exited: messenger-consume (exit status 0; expected)
2023-03-05 22:51:13,511 INFO spawned: 'messenger-consume' with pid 252
2023-03-05 22:51:14,595 INFO success: messenger-consume entered RUNNING state, process has stayed up for > than 1 seconds (startsecs)
2023-03-05 23:51:03,154 WARN received SIGTERM indicating exit request
2023-03-05 23:51:03,154 INFO waiting for beanstalkd, cron, server, messenger-consume to die
2023-03-05 23:51:03,155 INFO stopped: server (terminated by SIGTERM)
2023-03-05 23:51:03,158 INFO stopped: messenger-consume (terminated by SIGTERM)
2023-03-05 23:51:03,159 INFO stopped: cron (terminated by SIGTERM)
2023-03-05 23:51:03,159 INFO stopped: beanstalkd (terminated by SIGTERM)
2023-03-06 03:58:37,700 CRIT Supervisor is running as root.  Privileges were not dropped because no user is specified in the config file.  If you intend to run as root, you can set user=root in the config file to avoid this message.
2023-03-06 03:58:37,702 INFO supervisord started with pid 1
2023-03-06 03:58:38,706 INFO spawned: 'beanstalkd' with pid 7
2023-03-06 03:58:38,708 INFO spawned: 'cron' with pid 8
2023-03-06 03:58:38,711 INFO spawned: 'server' with pid 9
2023-03-06 03:58:38,713 INFO spawned: 'messenger-consume' with pid 10
2023-03-06 03:58:39,928 INFO success: beanstalkd entered RUNNING state, process has stayed up for > than 1 seconds (startsecs)
2023-03-06 03:58:39,929 INFO success: cron entered RUNNING state, process has stayed up for > than 1 seconds (startsecs)
2023-03-06 03:58:39,929 INFO success: server entered RUNNING state, process has stayed up for > than 1 seconds (startsecs)
2023-03-06 03:58:39,929 INFO success: messenger-consume entered RUNNING state, process has stayed up for > than 1 seconds (startsecs)
2023-03-06 04:58:40,807 INFO exited: messenger-consume (exit status 0; expected)
2023-03-06 04:58:41,812 INFO spawned: 'messenger-consume' with pid 18
2023-03-06 04:58:42,902 INFO success: messenger-consume entered RUNNING state, process has stayed up for > than 1 seconds (startsecs)
2023-03-06 05:58:43,755 INFO exited: messenger-consume (exit status 0; expected)
2023-03-06 05:58:44,758 INFO spawned: 'messenger-consume' with pid 26
2023-03-06 05:58:45,852 INFO success: messenger-consume entered RUNNING state, process has stayed up for > than 1 seconds (startsecs)
2023-03-06 06:58:45,896 INFO exited: messenger-consume (exit status 0; expected)
2023-03-06 06:58:46,899 INFO spawned: 'messenger-consume' with pid 34
2023-03-06 06:58:48,000 INFO success: messenger-consume entered RUNNING state, process has stayed up for > than 1 seconds (startsecs)
2023-03-06 13:34:30,581 INFO exited: messenger-consume (exit status 0; expected)
2023-03-06 13:34:31,585 INFO spawned: 'messenger-consume' with pid 40
2023-03-06 13:34:32,671 INFO success: messenger-consume entered RUNNING state, process has stayed up for > than 1 seconds (startsecs)
2023-03-06 14:34:33,076 INFO exited: messenger-consume (exit status 0; expected)
2023-03-06 14:34:34,079 INFO spawned: 'messenger-consume' with pid 48
2023-03-06 14:34:35,179 INFO success: messenger-consume entered RUNNING state, process has stayed up for > than 1 seconds (startsecs)
2023-03-06 15:00:03,157 WARN received SIGTERM indicating exit request
2023-03-06 15:00:03,159 INFO waiting for beanstalkd, cron, server, messenger-consume to die
2023-03-06 15:00:03,161 INFO stopped: server (terminated by SIGTERM)
2023-03-06 15:00:03,164 INFO stopped: messenger-consume (terminated by SIGTERM)
2023-03-06 15:00:03,164 INFO stopped: cron (terminated by SIGTERM)
2023-03-06 15:00:03,164 INFO reaped unknown pid 53 (exit status 0)
2023-03-06 15:00:03,165 INFO stopped: beanstalkd (terminated by SIGTERM)
2023-03-08 08:08:48,406 CRIT Supervisor is running as root.  Privileges were not dropped because no user is specified in the config file.  If you intend to run as root, you can set user=root in the config file to avoid this message.
2023-03-08 08:08:48,409 INFO supervisord started with pid 1
2023-03-08 08:08:49,413 INFO spawned: 'beanstalkd' with pid 7
2023-03-08 08:08:49,415 INFO spawned: 'cron' with pid 8
2023-03-08 08:08:49,428 INFO spawned: 'server' with pid 9
2023-03-08 08:08:49,431 INFO spawned: 'messenger-consume' with pid 10
2023-03-08 08:08:50,615 INFO success: beanstalkd entered RUNNING state, process has stayed up for > than 1 seconds (startsecs)
2023-03-08 08:08:50,615 INFO success: cron entered RUNNING state, process has stayed up for > than 1 seconds (startsecs)
2023-03-08 08:08:50,616 INFO success: server entered RUNNING state, process has stayed up for > than 1 seconds (startsecs)
2023-03-08 08:08:50,616 INFO success: messenger-consume entered RUNNING state, process has stayed up for > than 1 seconds (startsecs)
2023-03-08 13:19:34,541 INFO exited: messenger-consume (exit status 0; expected)
2023-03-08 13:19:35,544 INFO spawned: 'messenger-consume' with pid 15
2023-03-08 13:19:36,636 INFO success: messenger-consume entered RUNNING state, process has stayed up for > than 1 seconds (startsecs)
2023-03-08 14:19:37,465 INFO exited: messenger-consume (exit status 0; expected)
2023-03-08 14:19:38,469 INFO spawned: 'messenger-consume' with pid 23
2023-03-08 14:19:39,556 INFO success: messenger-consume entered RUNNING state, process has stayed up for > than 1 seconds (startsecs)
2023-03-08 15:19:40,348 INFO exited: messenger-consume (exit status 0; expected)
2023-03-08 15:19:41,352 INFO spawned: 'messenger-consume' with pid 31
2023-03-08 15:19:42,442 INFO success: messenger-consume entered RUNNING state, process has stayed up for > than 1 seconds (startsecs)
2023-03-08 16:19:43,324 INFO exited: messenger-consume (exit status 0; expected)
2023-03-08 16:19:44,328 INFO spawned: 'messenger-consume' with pid 39
2023-03-08 16:19:45,411 INFO success: messenger-consume entered RUNNING state, process has stayed up for > than 1 seconds (startsecs)
2023-03-08 17:19:46,375 INFO exited: messenger-consume (exit status 0; expected)
2023-03-08 17:19:47,379 INFO spawned: 'messenger-consume' with pid 47
2023-03-08 17:19:48,462 INFO success: messenger-consume entered RUNNING state, process has stayed up for > than 1 seconds (startsecs)
2023-03-08 18:19:49,303 INFO exited: messenger-consume (exit status 0; expected)
2023-03-08 18:19:50,308 INFO spawned: 'messenger-consume' with pid 55
2023-03-08 18:19:51,391 INFO success: messenger-consume entered RUNNING state, process has stayed up for > than 1 seconds (startsecs)
2023-03-08 19:19:52,241 INFO exited: messenger-consume (exit status 0; expected)
2023-03-08 19:19:53,244 INFO spawned: 'messenger-consume' with pid 63
2023-03-08 19:19:54,329 INFO success: messenger-consume entered RUNNING state, process has stayed up for > than 1 seconds (startsecs)
2023-03-08 20:19:55,158 INFO exited: messenger-consume (exit status 0; expected)
2023-03-08 20:19:56,161 INFO spawned: 'messenger-consume' with pid 71
2023-03-08 20:19:57,244 INFO success: messenger-consume entered RUNNING state, process has stayed up for > than 1 seconds (startsecs)
2023-03-08 21:19:57,935 INFO exited: messenger-consume (exit status 0; expected)
2023-03-08 21:19:58,938 INFO spawned: 'messenger-consume' with pid 79
2023-03-08 21:20:00,029 INFO success: messenger-consume entered RUNNING state, process has stayed up for > than 1 seconds (startsecs)
2023-03-09 00:24:29,652 INFO exited: messenger-consume (exit status 0; expected)
2023-03-09 00:24:30,654 INFO spawned: 'messenger-consume' with pid 84
2023-03-09 00:24:31,736 INFO success: messenger-consume entered RUNNING state, process has stayed up for > than 1 seconds (startsecs)
2023-03-09 01:24:32,140 INFO exited: messenger-consume (exit status 0; expected)
2023-03-09 01:24:33,143 INFO spawned: 'messenger-consume' with pid 92
2023-03-09 01:24:34,229 INFO success: messenger-consume entered RUNNING state, process has stayed up for > than 1 seconds (startsecs)
2023-03-09 01:50:22,356 WARN received SIGTERM indicating exit request
2023-03-09 01:50:22,367 INFO waiting for beanstalkd, cron, server, messenger-consume to die
2023-03-09 01:50:22,368 INFO stopped: server (terminated by SIGTERM)
2023-03-09 01:50:22,372 INFO stopped: messenger-consume (terminated by SIGTERM)
2023-03-09 01:50:22,373 INFO stopped: cron (terminated by SIGTERM)
2023-03-09 01:50:22,373 INFO stopped: beanstalkd (terminated by SIGTERM)
2023-03-09 01:51:18,745 CRIT Supervisor is running as root.  Privileges were not dropped because no user is specified in the config file.  If you intend to run as root, you can set user=root in the config file to avoid this message.
2023-03-09 01:51:18,749 INFO supervisord started with pid 1
2023-03-09 01:51:19,751 INFO spawned: 'beanstalkd' with pid 7
2023-03-09 01:51:19,752 INFO spawned: 'cron' with pid 8
2023-03-09 01:51:19,762 INFO spawned: 'server' with pid 9
2023-03-09 01:51:19,763 INFO spawned: 'messenger-consume' with pid 10
2023-03-09 01:51:20,979 INFO success: beanstalkd entered RUNNING state, process has stayed up for > than 1 seconds (startsecs)
2023-03-09 01:51:20,979 INFO success: cron entered RUNNING state, process has stayed up for > than 1 seconds (startsecs)
2023-03-09 01:51:20,979 INFO success: server entered RUNNING state, process has stayed up for > than 1 seconds (startsecs)
2023-03-09 01:51:20,979 INFO success: messenger-consume entered RUNNING state, process has stayed up for > than 1 seconds (startsecs)
2023-03-09 02:30:37,901 WARN received SIGTERM indicating exit request
2023-03-09 02:30:37,902 INFO waiting for beanstalkd, cron, server, messenger-consume to die
2023-03-09 02:30:37,904 INFO stopped: server (terminated by SIGTERM)
2023-03-09 02:30:37,907 INFO stopped: messenger-consume (terminated by SIGTERM)
2023-03-09 02:30:37,907 INFO stopped: cron (terminated by SIGTERM)
2023-03-09 02:30:37,908 INFO stopped: beanstalkd (terminated by SIGTERM)
2023-03-09 12:41:38,590 CRIT Supervisor is running as root.  Privileges were not dropped because no user is specified in the config file.  If you intend to run as root, you can set user=root in the config file to avoid this message.
2023-03-09 12:41:38,593 INFO supervisord started with pid 1
2023-03-09 12:41:39,596 INFO spawned: 'beanstalkd' with pid 7
2023-03-09 12:41:39,597 INFO spawned: 'cron' with pid 8
2023-03-09 12:41:39,598 INFO spawned: 'server' with pid 9
2023-03-09 12:41:39,599 INFO spawned: 'messenger-consume' with pid 10
2023-03-09 12:41:40,811 INFO success: beanstalkd entered RUNNING state, process has stayed up for > than 1 seconds (startsecs)
2023-03-09 12:41:40,811 INFO success: cron entered RUNNING state, process has stayed up for > than 1 seconds (startsecs)
2023-03-09 12:41:40,811 INFO success: server entered RUNNING state, process has stayed up for > than 1 seconds (startsecs)
2023-03-09 12:41:40,811 INFO success: messenger-consume entered RUNNING state, process has stayed up for > than 1 seconds (startsecs)
2023-03-09 13:41:41,584 INFO exited: messenger-consume (exit status 0; expected)
2023-03-09 13:41:42,586 INFO spawned: 'messenger-consume' with pid 18
2023-03-09 13:41:43,718 INFO success: messenger-consume entered RUNNING state, process has stayed up for > than 1 seconds (startsecs)
2023-03-09 14:41:44,015 INFO exited: messenger-consume (exit status 0; expected)
2023-03-09 14:41:45,018 INFO spawned: 'messenger-consume' with pid 26
2023-03-09 14:41:46,167 INFO success: messenger-consume entered RUNNING state, process has stayed up for > than 1 seconds (startsecs)
2023-03-09 15:41:46,464 INFO exited: messenger-consume (exit status 0; expected)
2023-03-09 15:41:47,466 INFO spawned: 'messenger-consume' with pid 34
2023-03-09 15:41:48,605 INFO success: messenger-consume entered RUNNING state, process has stayed up for > than 1 seconds (startsecs)
2023-03-09 16:41:48,928 INFO exited: messenger-consume (exit status 0; expected)
2023-03-09 16:41:49,932 INFO spawned: 'messenger-consume' with pid 42
2023-03-09 16:41:51,094 INFO success: messenger-consume entered RUNNING state, process has stayed up for > than 1 seconds (startsecs)
2023-03-09 17:41:51,421 INFO exited: messenger-consume (exit status 0; expected)
2023-03-09 17:41:52,423 INFO spawned: 'messenger-consume' with pid 50
2023-03-09 17:41:53,565 INFO success: messenger-consume entered RUNNING state, process has stayed up for > than 1 seconds (startsecs)
2023-03-09 18:41:53,891 INFO exited: messenger-consume (exit status 0; expected)
2023-03-09 18:41:54,893 INFO spawned: 'messenger-consume' with pid 58
2023-03-09 18:41:56,057 INFO success: messenger-consume entered RUNNING state, process has stayed up for > than 1 seconds (startsecs)
2023-03-09 19:35:31,263 WARN received SIGTERM indicating exit request
2023-03-09 19:35:31,263 INFO waiting for beanstalkd, cron, server, messenger-consume to die
2023-03-09 19:35:31,307 INFO stopped: server (terminated by SIGTERM)
2023-03-09 19:35:31,311 INFO stopped: messenger-consume (terminated by SIGTERM)
2023-03-09 19:35:31,311 INFO stopped: cron (terminated by SIGTERM)
2023-03-09 19:35:31,311 INFO stopped: beanstalkd (terminated by SIGTERM)
2023-03-09 19:36:07,048 CRIT Supervisor is running as root.  Privileges were not dropped because no user is specified in the config file.  If you intend to run as root, you can set user=root in the config file to avoid this message.
2023-03-09 19:36:07,050 INFO supervisord started with pid 1
2023-03-09 19:36:08,052 INFO spawned: 'beanstalkd' with pid 7
2023-03-09 19:36:08,054 INFO spawned: 'cron' with pid 8
2023-03-09 19:36:08,065 INFO spawned: 'server' with pid 9
2023-03-09 19:36:08,067 INFO spawned: 'messenger-consume' with pid 10
2023-03-09 19:36:09,522 INFO success: beanstalkd entered RUNNING state, process has stayed up for > than 1 seconds (startsecs)
2023-03-09 19:36:09,522 INFO success: cron entered RUNNING state, process has stayed up for > than 1 seconds (startsecs)
2023-03-09 19:36:09,522 INFO success: server entered RUNNING state, process has stayed up for > than 1 seconds (startsecs)
2023-03-09 19:36:09,523 INFO success: messenger-consume entered RUNNING state, process has stayed up for > than 1 seconds (startsecs)
2023-03-09 20:36:10,317 INFO exited: messenger-consume (exit status 0; expected)
2023-03-09 20:36:11,320 INFO spawned: 'messenger-consume' with pid 18
2023-03-09 20:36:12,615 INFO success: messenger-consume entered RUNNING state, process has stayed up for > than 1 seconds (startsecs)
2023-03-09 21:36:12,991 INFO exited: messenger-consume (exit status 0; expected)
2023-03-09 21:36:13,993 INFO spawned: 'messenger-consume' with pid 26
2023-03-09 21:36:15,218 INFO success: messenger-consume entered RUNNING state, process has stayed up for > than 1 seconds (startsecs)
2023-03-09 22:36:15,506 INFO exited: messenger-consume (exit status 0; expected)
2023-03-09 22:36:16,510 INFO spawned: 'messenger-consume' with pid 34
2023-03-09 22:36:17,922 INFO success: messenger-consume entered RUNNING state, process has stayed up for > than 1 seconds (startsecs)
2023-03-10 00:58:34,439 INFO exited: messenger-consume (exit status 0; expected)
2023-03-10 00:58:35,443 INFO spawned: 'messenger-consume' with pid 40
2023-03-10 00:58:36,940 INFO success: messenger-consume entered RUNNING state, process has stayed up for > than 1 seconds (startsecs)
2023-03-10 09:32:31,817 CRIT Supervisor is running as root.  Privileges were not dropped because no user is specified in the config file.  If you intend to run as root, you can set user=root in the config file to avoid this message.
2023-03-10 09:32:31,821 INFO supervisord started with pid 1
2023-03-10 09:32:32,823 INFO spawned: 'beanstalkd' with pid 7
2023-03-10 09:32:32,824 INFO spawned: 'cron' with pid 8
2023-03-10 09:32:32,825 INFO spawned: 'server' with pid 9
2023-03-10 09:32:32,827 INFO spawned: 'messenger-consume' with pid 10
2023-03-10 09:32:34,060 INFO success: beanstalkd entered RUNNING state, process has stayed up for > than 1 seconds (startsecs)
2023-03-10 09:32:34,061 INFO success: cron entered RUNNING state, process has stayed up for > than 1 seconds (startsecs)
2023-03-10 09:32:34,061 INFO success: server entered RUNNING state, process has stayed up for > than 1 seconds (startsecs)
2023-03-10 09:32:34,061 INFO success: messenger-consume entered RUNNING state, process has stayed up for > than 1 seconds (startsecs)
2023-03-10 10:32:34,403 INFO exited: messenger-consume (exit status 0; expected)
2023-03-10 10:32:35,408 INFO spawned: 'messenger-consume' with pid 18
2023-03-10 10:32:36,910 INFO success: messenger-consume entered RUNNING state, process has stayed up for > than 1 seconds (startsecs)
2023-03-10 11:32:37,237 INFO exited: messenger-consume (exit status 0; expected)
2023-03-10 11:32:38,239 INFO spawned: 'messenger-consume' with pid 26
2023-03-10 11:32:39,369 INFO success: messenger-consume entered RUNNING state, process has stayed up for > than 1 seconds (startsecs)
2023-03-10 12:32:39,657 INFO exited: messenger-consume (exit status 0; expected)
2023-03-10 12:32:40,659 INFO spawned: 'messenger-consume' with pid 34
2023-03-10 12:32:41,806 INFO success: messenger-consume entered RUNNING state, process has stayed up for > than 1 seconds (startsecs)
2023-03-10 13:32:42,113 INFO exited: messenger-consume (exit status 0; expected)
2023-03-10 13:32:43,115 INFO spawned: 'messenger-consume' with pid 42
2023-03-10 13:32:44,272 INFO success: messenger-consume entered RUNNING state, process has stayed up for > than 1 seconds (startsecs)
2023-03-10 14:32:44,579 INFO exited: messenger-consume (exit status 0; expected)
2023-03-10 14:32:45,582 INFO spawned: 'messenger-consume' with pid 50
2023-03-10 14:32:46,742 INFO success: messenger-consume entered RUNNING state, process has stayed up for > than 1 seconds (startsecs)
2023-03-10 15:32:47,044 INFO exited: messenger-consume (exit status 0; expected)
2023-03-10 15:32:48,046 INFO spawned: 'messenger-consume' with pid 58
2023-03-10 15:32:49,182 INFO success: messenger-consume entered RUNNING state, process has stayed up for > than 1 seconds (startsecs)
2023-03-10 16:32:49,477 INFO exited: messenger-consume (exit status 0; expected)
2023-03-10 16:32:50,479 INFO spawned: 'messenger-consume' with pid 66
2023-03-10 16:32:51,628 INFO success: messenger-consume entered RUNNING state, process has stayed up for > than 1 seconds (startsecs)
2023-03-10 17:32:51,924 INFO exited: messenger-consume (exit status 0; expected)
2023-03-10 17:32:52,927 INFO spawned: 'messenger-consume' with pid 74
2023-03-10 17:32:54,086 INFO success: messenger-consume entered RUNNING state, process has stayed up for > than 1 seconds (startsecs)
2023-03-10 18:32:54,394 INFO exited: messenger-consume (exit status 0; expected)
2023-03-10 18:32:55,397 INFO spawned: 'messenger-consume' with pid 82
2023-03-10 18:32:56,561 INFO success: messenger-consume entered RUNNING state, process has stayed up for > than 1 seconds (startsecs)
2023-03-10 19:32:56,890 INFO exited: messenger-consume (exit status 0; expected)
2023-03-10 19:32:57,893 INFO spawned: 'messenger-consume' with pid 90
2023-03-10 19:32:59,030 INFO success: messenger-consume entered RUNNING state, process has stayed up for > than 1 seconds (startsecs)
2023-03-10 20:32:59,378 INFO exited: messenger-consume (exit status 0; expected)
2023-03-10 20:33:00,381 INFO spawned: 'messenger-consume' with pid 98
2023-03-10 20:33:01,546 INFO success: messenger-consume entered RUNNING state, process has stayed up for > than 1 seconds (startsecs)
2023-03-10 21:33:01,844 INFO exited: messenger-consume (exit status 0; expected)
2023-03-10 21:33:02,847 INFO spawned: 'messenger-consume' with pid 122
2023-03-10 21:33:04,010 INFO success: messenger-consume entered RUNNING state, process has stayed up for > than 1 seconds (startsecs)
2023-03-10 22:58:50,139 INFO exited: messenger-consume (exit status 0; expected)
2023-03-10 22:58:51,141 INFO spawned: 'messenger-consume' with pid 130
2023-03-10 22:58:52,278 INFO success: messenger-consume entered RUNNING state, process has stayed up for > than 1 seconds (startsecs)
2023-03-10 23:18:22,443 WARN received SIGTERM indicating exit request
2023-03-10 23:18:22,443 INFO waiting for beanstalkd, cron, server, messenger-consume to die
2023-03-10 23:18:22,446 INFO stopped: server (terminated by SIGTERM)
2023-03-10 23:18:22,447 INFO stopped: messenger-consume (terminated by SIGTERM)
2023-03-10 23:18:22,447 INFO stopped: cron (terminated by SIGTERM)
2023-03-10 23:18:22,447 INFO stopped: beanstalkd (terminated by SIGTERM)
2023-03-11 10:50:32,355 CRIT Supervisor is running as root.  Privileges were not dropped because no user is specified in the config file.  If you intend to run as root, you can set user=root in the config file to avoid this message.
2023-03-11 10:50:32,357 INFO supervisord started with pid 1
2023-03-11 10:50:33,359 INFO spawned: 'beanstalkd' with pid 7
2023-03-11 10:50:33,360 INFO spawned: 'cron' with pid 8
2023-03-11 10:50:33,370 INFO spawned: 'server' with pid 9
2023-03-11 10:50:33,371 INFO spawned: 'messenger-consume' with pid 10
2023-03-11 10:50:34,580 INFO success: beanstalkd entered RUNNING state, process has stayed up for > than 1 seconds (startsecs)
2023-03-11 10:50:34,580 INFO success: cron entered RUNNING state, process has stayed up for > than 1 seconds (startsecs)
2023-03-11 10:50:34,580 INFO success: server entered RUNNING state, process has stayed up for > than 1 seconds (startsecs)
2023-03-11 10:50:34,580 INFO success: messenger-consume entered RUNNING state, process has stayed up for > than 1 seconds (startsecs)
2023-03-11 11:50:25,425 WARN received SIGTERM indicating exit request
2023-03-11 11:50:25,426 INFO waiting for beanstalkd, cron, server, messenger-consume to die
2023-03-11 11:50:25,428 INFO stopped: server (terminated by SIGTERM)
2023-03-11 11:50:25,430 INFO stopped: messenger-consume (terminated by SIGTERM)
2023-03-11 11:50:25,430 INFO stopped: cron (terminated by SIGTERM)
2023-03-11 11:50:25,431 INFO stopped: beanstalkd (terminated by SIGTERM)
2023-03-11 14:04:35,877 CRIT Supervisor is running as root.  Privileges were not dropped because no user is specified in the config file.  If you intend to run as root, you can set user=root in the config file to avoid this message.
2023-03-11 14:04:35,880 INFO supervisord started with pid 1
2023-03-11 14:04:36,882 INFO spawned: 'beanstalkd' with pid 7
2023-03-11 14:04:36,883 INFO spawned: 'cron' with pid 8
2023-03-11 14:04:36,893 INFO spawned: 'server' with pid 9
2023-03-11 14:04:36,894 INFO spawned: 'messenger-consume' with pid 10
2023-03-11 14:04:38,104 INFO success: beanstalkd entered RUNNING state, process has stayed up for > than 1 seconds (startsecs)
2023-03-11 14:04:38,105 INFO success: cron entered RUNNING state, process has stayed up for > than 1 seconds (startsecs)
2023-03-11 14:04:38,105 INFO success: server entered RUNNING state, process has stayed up for > than 1 seconds (startsecs)
2023-03-11 14:04:38,105 INFO success: messenger-consume entered RUNNING state, process has stayed up for > than 1 seconds (startsecs)
2023-03-11 15:04:38,431 INFO exited: messenger-consume (exit status 0; expected)
2023-03-11 15:04:39,433 INFO spawned: 'messenger-consume' with pid 18
2023-03-11 15:04:40,563 INFO success: messenger-consume entered RUNNING state, process has stayed up for > than 1 seconds (startsecs)
2023-03-11 16:04:40,871 INFO exited: messenger-consume (exit status 0; expected)
2023-03-11 16:04:41,874 INFO spawned: 'messenger-consume' with pid 26
2023-03-11 16:04:43,021 INFO success: messenger-consume entered RUNNING state, process has stayed up for > than 1 seconds (startsecs)
2023-03-11 17:04:43,358 INFO exited: messenger-consume (exit status 0; expected)
2023-03-11 17:04:44,360 INFO spawned: 'messenger-consume' with pid 34
2023-03-11 17:04:45,525 INFO success: messenger-consume entered RUNNING state, process has stayed up for > than 1 seconds (startsecs)
2023-03-11 18:04:45,810 INFO exited: messenger-consume (exit status 0; expected)
2023-03-11 18:04:46,813 INFO spawned: 'messenger-consume' with pid 42
2023-03-11 18:04:47,976 INFO success: messenger-consume entered RUNNING state, process has stayed up for > than 1 seconds (startsecs)
2023-03-11 19:04:48,320 INFO exited: messenger-consume (exit status 0; expected)
2023-03-11 19:04:49,324 INFO spawned: 'messenger-consume' with pid 50
2023-03-11 19:04:50,488 INFO success: messenger-consume entered RUNNING state, process has stayed up for > than 1 seconds (startsecs)
2023-03-11 20:04:50,838 INFO exited: messenger-consume (exit status 0; expected)
2023-03-11 20:04:51,841 INFO spawned: 'messenger-consume' with pid 58
2023-03-11 20:04:53,021 INFO success: messenger-consume entered RUNNING state, process has stayed up for > than 1 seconds (startsecs)
2023-03-11 21:04:53,358 INFO exited: messenger-consume (exit status 0; expected)
2023-03-11 21:04:54,361 INFO spawned: 'messenger-consume' with pid 66
2023-03-11 21:04:55,528 INFO success: messenger-consume entered RUNNING state, process has stayed up for > than 1 seconds (startsecs)
2023-03-11 22:16:18,527 INFO exited: messenger-consume (exit status 0; expected)
2023-03-11 22:16:19,530 INFO spawned: 'messenger-consume' with pid 74
2023-03-11 22:16:20,684 INFO success: messenger-consume entered RUNNING state, process has stayed up for > than 1 seconds (startsecs)
2023-03-11 22:16:58,723 WARN received SIGTERM indicating exit request
2023-03-11 22:16:58,724 INFO waiting for beanstalkd, cron, server, messenger-consume to die
2023-03-11 22:16:58,724 INFO stopped: server (terminated by SIGTERM)
2023-03-11 22:16:58,726 INFO stopped: messenger-consume (terminated by SIGTERM)
2023-03-11 22:16:58,726 INFO stopped: cron (terminated by SIGTERM)
2023-03-11 22:16:58,727 INFO stopped: beanstalkd (terminated by SIGTERM)
2023-03-24 21:28:17,755 CRIT Supervisor is running as root.  Privileges were not dropped because no user is specified in the config file.  If you intend to run as root, you can set user=root in the config file to avoid this message.
2023-03-24 21:28:17,758 INFO supervisord started with pid 1
2023-03-24 21:28:18,760 INFO spawned: 'beanstalkd' with pid 7
2023-03-24 21:28:18,762 INFO spawned: 'cron' with pid 8
2023-03-24 21:28:18,765 INFO spawned: 'server' with pid 9
2023-03-24 21:28:18,767 INFO spawned: 'messenger-consume' with pid 10
2023-03-24 21:28:20,154 INFO success: beanstalkd entered RUNNING state, process has stayed up for > than 1 seconds (startsecs)
2023-03-24 21:28:20,154 INFO success: cron entered RUNNING state, process has stayed up for > than 1 seconds (startsecs)
2023-03-24 21:28:20,154 INFO success: server entered RUNNING state, process has stayed up for > than 1 seconds (startsecs)
2023-03-24 21:28:20,154 INFO success: messenger-consume entered RUNNING state, process has stayed up for > than 1 seconds (startsecs)
